2016-11-25 12:08:43,750 INFO  [Log] **************************************************************************************** 
2016-11-25 12:08:43,750 INFO  [Log] **************************************************************************************** 
2016-11-25 12:08:43,750 INFO  [Log] **************************************************************************************** 
2016-11-25 12:08:43,750 INFO  [Log] **************************************************************************************** 
2016-11-25 12:08:43,750 INFO  [Log] **************************************************************************************** 
2016-11-25 12:08:43,751 INFO  [Log] **************************************************************************************** 
2016-11-25 12:08:43,751 INFO  [Log] **************************************************************************************** 
2016-11-25 12:08:43,751 INFO  [Log] **************************************************************************************** 
2016-11-25 12:08:43,751 INFO  [Log] **************************************************************************************** 
2016-11-25 12:08:43,751 INFO  [Log] $$$$$$$$$$$$$$$$$$$$$                 TescoMobileApp_03       $$$$$$$$$$$$$$$$$$$$$$$$$ 
2016-11-25 12:08:43,751 INFO  [Log] $$$$$$$$$$$$$$$$$$$$$                 TescoMobileApp_01       $$$$$$$$$$$$$$$$$$$$$$$$$ 
2016-11-25 12:08:43,751 INFO  [Log] $$$$$$$$$$$$$$$$$$$$$                 TescoMobileApp_05       $$$$$$$$$$$$$$$$$$$$$$$$$ 
2016-11-25 12:08:43,751 INFO  [Log] **************************************************************************************** 
2016-11-25 12:08:43,751 INFO  [Log] **************************************************************************************** 
2016-11-25 12:08:43,751 INFO  [Log] **************************************************************************************** 
2016-11-25 12:08:43,751 INFO  [Log] **************************************************************************************** 
2016-11-25 12:08:43,751 INFO  [Log] $$$$$$$$$$$$$$$$$$$$$                 TescoMobileApp_02       $$$$$$$$$$$$$$$$$$$$$$$$$ 
2016-11-25 12:08:43,751 INFO  [Log] **************************************************************************************** 
2016-11-25 12:08:43,751 INFO  [Log] **************************************************************************************** 
2016-11-25 12:08:43,751 INFO  [Log] **************************************************************************************** 
2016-11-25 12:08:43,751 INFO  [Log] $$$$$$$$$$$$$$$$$$$$$                 TescoMobileApp_04       $$$$$$$$$$$$$$$$$$$$$$$$$ 
2016-11-25 12:08:43,751 INFO  [Log] **************************************************************************************** 
2016-11-25 12:08:43,751 INFO  [Log] **************************************************************************************** 
2016-11-25 12:08:43,752 INFO  [Log] **************************************************************************************** 
2016-11-25 12:08:43,753 INFO  [Log] **************************************************************************************** 
2016-11-25 12:08:43,756 ERROR [Log] Class Utils | Method getCellData | Exception desc : null 
2016-11-25 12:08:43,758 INFO  [Log] Launch Mobile App 
2016-11-25 12:08:43,759 INFO  [Log] Launch Mobile App 
2016-11-25 12:08:43,760 INFO  [Log] Launch Mobile App 
2016-11-25 12:08:43,761 INFO  [Log] Launch Mobile App 
2016-11-25 12:08:43,762 INFO  [Log] Launch Mobile App 
2016-11-25 12:09:02,091 INFO  [Log] Tapping on element //UIAButton[@label='Open main menu'] 
2016-11-25 12:09:07,117 INFO  [Log] Tapping on element //android.widget.ImageView[@resource-id='com.tesco.grocery.view:id/action_bar_up_navigation'] 
2016-11-25 12:09:10,997 INFO  [Log] Tapping on element //*[@id="peekaboo-buttons"]/li[1]/button 
2016-11-25 12:09:14,227 INFO  [Log] Tapping on element //UIAStaticText[@name='Store locator'] 
2016-11-25 12:09:14,469 INFO  [Log] Tapping on element //*[@class="sl-text"] 
2016-11-25 12:09:17,637 INFO  [Log] Tapping on element //android.widget.TextView[@text='Store locator'] 
2016-11-25 12:09:21,698 INFO  [Log] Tapping on element //*[@id="peekaboo-buttons"]/li[1]/button 
2016-11-25 12:09:25,415 INFO  [Log] Tapping on element //*[@class='drop-down-btn-text'][text()='Find store'] 
2016-11-25 12:09:26,979 INFO  [Log] Tapping on element //android.widget.EditText[@resource-id='locality'] 
2016-11-25 12:09:27,726 INFO  [Log] Tapping on element //*[@value='postcode or town'] 
2016-11-25 12:09:28,270 INFO  [Log] Tapping on element //*[@id="address"] 
2016-11-25 12:09:34,694 INFO  [Log] Entering the text in //*[@id="address"] 
2016-11-25 12:09:34,704 INFO  [Log] Tapping on element //*[@value='postcode or town'] 
2016-11-25 12:09:35,994 INFO  [Log] Entering the text in //android.widget.EditText[@resource-id='locality'] 
2016-11-25 12:09:38,653 INFO  [Log] Entering the text in //*[@value='postcode or town'] 
2016-11-25 12:09:42,066 INFO  [Log] Tapping on element //*[@id="storeLocator"]/fieldset/div/button 
2016-11-25 12:09:44,699 INFO  [Log] Entering the text in //*[@value='postcode or town'] 
2016-11-25 12:09:48,504 INFO  [Log] Tapping on element //android.widget.Button[@content-desc='Find stores '] 
2016-11-25 12:09:49,828 INFO  [Log] XXXXXXXXXXXXXXXXXXXXXXX             -E---N---D-             XXXXXXXXXXXXXXXXXXXXXX 
2016-11-25 12:09:49,829 INFO  [Log] X 
2016-11-25 12:09:49,829 INFO  [Log] X 
2016-11-25 12:09:49,830 INFO  [Log] X 
2016-11-25 12:09:49,830 INFO  [Log] X 
2016-11-25 12:09:52,728 INFO  [Log] Tapping on element //*[@label='Find stores'] 
2016-11-25 12:09:59,930 INFO  [Log] Tapping on element //*[@id="findStores"] 
2016-11-25 12:10:01,801 INFO  [Log] XXXXXXXXXXXXXXXXXXXXXXX             -E---N---D-             XXXXXXXXXXXXXXXXXXXXXX 
2016-11-25 12:10:01,801 INFO  [Log] X 
2016-11-25 12:10:01,801 INFO  [Log] X 
2016-11-25 12:10:01,801 INFO  [Log] X 
2016-11-25 12:10:01,801 INFO  [Log] X 
2016-11-25 12:10:04,679 INFO  [Log] XXXXXXXXXXXXXXXXXXXXXXX             -E---N---D-             XXXXXXXXXXXXXXXXXXXXXX 
2016-11-25 12:10:04,679 INFO  [Log] X 
2016-11-25 12:10:04,679 INFO  [Log] X 
2016-11-25 12:10:04,679 INFO  [Log] X 
2016-11-25 12:10:04,679 INFO  [Log] X 
2016-11-25 12:10:08,608 INFO  [Log] XXXXXXXXXXXXXXXXXXXXXXX             -E---N---D-             XXXXXXXXXXXXXXXXXXXXXX 
2016-11-25 12:10:08,608 INFO  [Log] X 
2016-11-25 12:10:08,608 INFO  [Log] X 
2016-11-25 12:10:08,608 INFO  [Log] X 
2016-11-25 12:10:08,609 INFO  [Log] X 
2016-11-25 12:10:32,290 ERROR [Log] Not able to click --- Element with by xpath '//*[@id="peekaboo-buttons"]/li[1]/button' wasn't found.
For documentation on this error, please visit: http://seleniumhq.org/exceptions/no_such_element.html
Build info: version: '2.48.2', revision: '41bccdd10cf2c0560f637404c2d96164b67d9d67', time: '2015-10-09 13:08:06'
System info: host: 'IBMGBS-MCM', ip: '1.1.80.10', os.name: 'Windows Server 2008 R2', os.arch: 'amd64', os.version: '6.1', java.version: '1.8.0_102'
Driver info: driver.version: EventFiringWebDriver
Command duration or timeout: 80.96 seconds
For documentation on this error, please visit: http://seleniumhq.org/exceptions/no_such_element.html
Build info: version: '2.46.0', revision: '61506a4624b13675f24581e453592342b7485d71', time: '2015-06-04 10:22:50'
System info: host: 'sayoghos', ip: '9.77.88.218', os.name: 'Windows 7', os.arch: 'x86', os.version: '6.1', java.version: '1.8.0_102'
Driver info: io.appium.java_client.android.AndroidDriver
Capabilities [{rotatable=true, testGridReportUrl=https://ibmgbs.reporting-01.perfectomobile.com?externalId[0]=sayoghos@in.ibm.com_RemoteWebDriver_16-11-25_10_08_44_1216, entityType=remote_web_driver, version=, deviceName=2F984FFA, serverConnector=, platform=ANY, executionId=sayoghos@in.ibm.com_RemoteWebDriver_16-11-25_10_08_44_1216, password=, webdriver.remote.sessionid=312d0a5d-7159-4d5a-a321-6e9890ba6912, platformVersion=5.0, automationName=Appium, host=ibmgbs.perfectomobile.com, singleTestReportUrl=https://ibmgbs.perfectomobile.com/nexperience/singletest/report/?reportRepositoryKey=PRIVATE:RemoteWebDriver/161125/RemoteWebDriver_16-11-25_10_08_44_1216.xml&ownerId=sayoghos@in.ibm.com&sharingCode=60355655-ade8-492e-959f-1fffcdc05baa, locationContextEnabled=true, browserName=mobileOS, scriptName=RemoteWebDriver, takesScreenshot=true, javascriptEnabled=true, reportKey=PRIVATE:RemoteWebDriver/161125/RemoteWebDriver_16-11-25_10_08_44_1216.xml, platformName=Android, windTunnelReportUrl=https://ibmgbs.perfectomobile.com/nexperience/singletest/report/?reportRepositoryKey=PRIVATE:RemoteWebDriver/161125/RemoteWebDriver_16-11-25_10_08_44_1216.xml&ownerId=sayoghos@in.ibm.com&sharingCode=60355655-ade8-492e-959f-1fffcdc05baa, user=, cssSelectorsEnabled=true}]
Session ID: 312d0a5d-7159-4d5a-a321-6e9890ba6912
*** Element info: {Using=xpath, value=//*[@id="peekaboo-buttons"]/li[1]/button} 
2016-11-25 12:10:35,362 INFO  [Log] Tapping on element //*[@id="address"] 
2016-11-25 12:11:56,098 ERROR [Log] Not able to click --- Element with by xpath '//*[@id="address"]' wasn't found.
For documentation on this error, please visit: http://seleniumhq.org/exceptions/no_such_element.html
Build info: version: '2.48.2', revision: '41bccdd10cf2c0560f637404c2d96164b67d9d67', time: '2015-10-09 13:08:06'
System info: host: 'IBMGBS-MCM', ip: '1.1.80.10', os.name: 'Windows Server 2008 R2', os.arch: 'amd64', os.version: '6.1', java.version: '1.8.0_102'
Driver info: driver.version: EventFiringWebDriver
Command duration or timeout: 80.49 seconds
For documentation on this error, please visit: http://seleniumhq.org/exceptions/no_such_element.html
Build info: version: '2.46.0', revision: '61506a4624b13675f24581e453592342b7485d71', time: '2015-06-04 10:22:50'
System info: host: 'sayoghos', ip: '9.77.88.218', os.name: 'Windows 7', os.arch: 'x86', os.version: '6.1', java.version: '1.8.0_102'
Driver info: io.appium.java_client.android.AndroidDriver
Capabilities [{rotatable=true, testGridReportUrl=https://ibmgbs.reporting-01.perfectomobile.com?externalId[0]=sayoghos@in.ibm.com_RemoteWebDriver_16-11-25_10_08_44_1216, entityType=remote_web_driver, version=, deviceName=2F984FFA, serverConnector=, platform=ANY, executionId=sayoghos@in.ibm.com_RemoteWebDriver_16-11-25_10_08_44_1216, password=, webdriver.remote.sessionid=312d0a5d-7159-4d5a-a321-6e9890ba6912, platformVersion=5.0, automationName=Appium, host=ibmgbs.perfectomobile.com, singleTestReportUrl=https://ibmgbs.perfectomobile.com/nexperience/singletest/report/?reportRepositoryKey=PRIVATE:RemoteWebDriver/161125/RemoteWebDriver_16-11-25_10_08_44_1216.xml&ownerId=sayoghos@in.ibm.com&sharingCode=60355655-ade8-492e-959f-1fffcdc05baa, locationContextEnabled=true, browserName=mobileOS, scriptName=RemoteWebDriver, takesScreenshot=true, javascriptEnabled=true, reportKey=PRIVATE:RemoteWebDriver/161125/RemoteWebDriver_16-11-25_10_08_44_1216.xml, platformName=Android, windTunnelReportUrl=https://ibmgbs.perfectomobile.com/nexperience/singletest/report/?reportRepositoryKey=PRIVATE:RemoteWebDriver/161125/RemoteWebDriver_16-11-25_10_08_44_1216.xml&ownerId=sayoghos@in.ibm.com&sharingCode=60355655-ade8-492e-959f-1fffcdc05baa, user=, cssSelectorsEnabled=true}]
Session ID: 312d0a5d-7159-4d5a-a321-6e9890ba6912
*** Element info: {Using=xpath, value=//*[@id="address"]} 
2016-11-25 12:11:59,103 INFO  [Log] Entering the text in //*[@id="address"] 
2016-11-25 12:13:20,993 ERROR [Log] Not able to Enter UserName --- Element with by xpath '//*[@id="address"]' wasn't found.
For documentation on this error, please visit: http://seleniumhq.org/exceptions/no_such_element.html
Build info: version: '2.48.2', revision: '41bccdd10cf2c0560f637404c2d96164b67d9d67', time: '2015-10-09 13:08:06'
System info: host: 'IBMGBS-MCM', ip: '1.1.80.10', os.name: 'Windows Server 2008 R2', os.arch: 'amd64', os.version: '6.1', java.version: '1.8.0_102'
Driver info: driver.version: EventFiringWebDriver
Command duration or timeout: 81.57 seconds
For documentation on this error, please visit: http://seleniumhq.org/exceptions/no_such_element.html
Build info: version: '2.46.0', revision: '61506a4624b13675f24581e453592342b7485d71', time: '2015-06-04 10:22:50'
System info: host: 'sayoghos', ip: '9.77.88.218', os.name: 'Windows 7', os.arch: 'x86', os.version: '6.1', java.version: '1.8.0_102'
Driver info: io.appium.java_client.android.AndroidDriver
Capabilities [{rotatable=true, testGridReportUrl=https://ibmgbs.reporting-01.perfectomobile.com?externalId[0]=sayoghos@in.ibm.com_RemoteWebDriver_16-11-25_10_08_44_1216, entityType=remote_web_driver, version=, deviceName=2F984FFA, serverConnector=, platform=ANY, executionId=sayoghos@in.ibm.com_RemoteWebDriver_16-11-25_10_08_44_1216, password=, webdriver.remote.sessionid=312d0a5d-7159-4d5a-a321-6e9890ba6912, platformVersion=5.0, automationName=Appium, host=ibmgbs.perfectomobile.com, singleTestReportUrl=https://ibmgbs.perfectomobile.com/nexperience/singletest/report/?reportRepositoryKey=PRIVATE:RemoteWebDriver/161125/RemoteWebDriver_16-11-25_10_08_44_1216.xml&ownerId=sayoghos@in.ibm.com&sharingCode=60355655-ade8-492e-959f-1fffcdc05baa, locationContextEnabled=true, browserName=mobileOS, scriptName=RemoteWebDriver, takesScreenshot=true, javascriptEnabled=true, reportKey=PRIVATE:RemoteWebDriver/161125/RemoteWebDriver_16-11-25_10_08_44_1216.xml, platformName=Android, windTunnelReportUrl=https://ibmgbs.perfectomobile.com/nexperience/singletest/report/?reportRepositoryKey=PRIVATE:RemoteWebDriver/161125/RemoteWebDriver_16-11-25_10_08_44_1216.xml&ownerId=sayoghos@in.ibm.com&sharingCode=60355655-ade8-492e-959f-1fffcdc05baa, user=, cssSelectorsEnabled=true}]
Session ID: 312d0a5d-7159-4d5a-a321-6e9890ba6912
*** Element info: {Using=xpath, value=//*[@id="address"]} 
2016-11-25 12:13:23,994 INFO  [Log] Tapping on element //*[@id="storeLocator"]/fieldset/div/button 
2016-11-25 12:14:45,592 ERROR [Log] Not able to click --- Failed to execute command webpage.element find: Authorization failed for device: 2F984FFA
Command duration or timeout: 81.33 seconds
Build info: version: '2.46.0', revision: '61506a4624b13675f24581e453592342b7485d71', time: '2015-06-04 10:22:50'
System info: host: 'sayoghos', ip: '9.77.88.218', os.name: 'Windows 7', os.arch: 'x86', os.version: '6.1', java.version: '1.8.0_102'
Driver info: io.appium.java_client.android.AndroidDriver
Capabilities [{rotatable=true, testGridReportUrl=https://ibmgbs.reporting-01.perfectomobile.com?externalId[0]=sayoghos@in.ibm.com_RemoteWebDriver_16-11-25_10_08_44_1216, entityType=remote_web_driver, version=, deviceName=2F984FFA, serverConnector=, platform=ANY, executionId=sayoghos@in.ibm.com_RemoteWebDriver_16-11-25_10_08_44_1216, password=, webdriver.remote.sessionid=312d0a5d-7159-4d5a-a321-6e9890ba6912, platformVersion=5.0, automationName=Appium, host=ibmgbs.perfectomobile.com, singleTestReportUrl=https://ibmgbs.perfectomobile.com/nexperience/singletest/report/?reportRepositoryKey=PRIVATE:RemoteWebDriver/161125/RemoteWebDriver_16-11-25_10_08_44_1216.xml&ownerId=sayoghos@in.ibm.com&sharingCode=60355655-ade8-492e-959f-1fffcdc05baa, locationContextEnabled=true, browserName=mobileOS, scriptName=RemoteWebDriver, takesScreenshot=true, javascriptEnabled=true, reportKey=PRIVATE:RemoteWebDriver/161125/RemoteWebDriver_16-11-25_10_08_44_1216.xml, platformName=Android, windTunnelReportUrl=https://ibmgbs.perfectomobile.com/nexperience/singletest/report/?reportRepositoryKey=PRIVATE:RemoteWebDriver/161125/RemoteWebDriver_16-11-25_10_08_44_1216.xml&ownerId=sayoghos@in.ibm.com&sharingCode=60355655-ade8-492e-959f-1fffcdc05baa, user=, cssSelectorsEnabled=true}]
Session ID: 312d0a5d-7159-4d5a-a321-6e9890ba6912
*** Element info: {Using=xpath, value=//*[@id="storeLocator"]/fieldset/div/button} 
2016-11-25 12:14:47,594 INFO  [Log] XXXXXXXXXXXXXXXXXXXXXXX             -E---N---D-             XXXXXXXXXXXXXXXXXXXXXX 
2016-11-25 12:14:47,594 INFO  [Log] X 
2016-11-25 12:14:47,594 INFO  [Log] X 
2016-11-25 12:14:47,594 INFO  [Log] X 
2016-11-25 12:14:47,594 INFO  [Log] X 
